0 info it worked if it ends with ok
1 verbose cli [ '/usr/local/bin/node',
1 verbose cli   '/usr/local/bin/npm',
1 verbose cli   'install',
1 verbose cli   'js-bson' ]
2 info using npm@1.4.14
3 info using node@v0.10.29
4 verbose readDependencies using package.json deps
5 verbose cache add [ 'js-bson', null ]
6 verbose cache add name=undefined spec="js-bson" args=["js-bson",null]
7 verbose parsed url { protocol: null,
7 verbose parsed url   slashes: null,
7 verbose parsed url   auth: null,
7 verbose parsed url   host: null,
7 verbose parsed url   port: null,
7 verbose parsed url   hostname: null,
7 verbose parsed url   hash: null,
7 verbose parsed url   search: null,
7 verbose parsed url   query: null,
7 verbose parsed url   pathname: 'js-bson',
7 verbose parsed url   path: 'js-bson',
7 verbose parsed url   href: 'js-bson' }
8 silly makeCacheDir cache dir uid, gid [ 0, 0 ]
9 silly lockFile 39987484-js-bson js-bson
10 verbose lock js-bson /root/.npm/39987484-js-bson.lock
11 silly lockFile 39987484-js-bson js-bson
12 silly lockFile 39987484-js-bson js-bson
13 verbose addNamed [ 'js-bson', '' ]
14 verbose addNamed [ null, '*' ]
15 silly lockFile a5c0f890-js-bson js-bson@
16 verbose lock js-bson@ /root/.npm/a5c0f890-js-bson.lock
17 silly addNameRange { name: 'js-bson', range: '*', hasData: false }
18 verbose url raw js-bson
19 verbose url resolving [ 'https://registry.npmjs.org/', './js-bson' ]
20 verbose url resolved https://registry.npmjs.org/js-bson
21 info trying registry request attempt 1 at 15:24:23
22 http GET https://registry.npmjs.org/js-bson
23 http 404 https://registry.npmjs.org/js-bson
24 verbose headers { date: 'Wed, 17 Sep 2014 15:24:23 GMT',
24 verbose headers   server: 'CouchDB/1.5.0 (Erlang OTP/R16B03)',
24 verbose headers   'content-type': 'application/json',
24 verbose headers   'cache-control': 'max-age=0',
24 verbose headers   'content-length': '52',
24 verbose headers   'accept-ranges': 'bytes',
24 verbose headers   via: '1.1 varnish',
24 verbose headers   age: '0',
24 verbose headers   'x-served-by': 'cache-ty68-TYO',
24 verbose headers   'x-cache': 'MISS',
24 verbose headers   'x-cache-hits': '0',
24 verbose headers   'x-timer': 'S1410967463.682124,VS0,VE187',
24 verbose headers   'keep-alive': 'timeout=10, max=50',
24 verbose headers   connection: 'Keep-Alive' }
25 silly registry.get cb [ 404,
25 silly registry.get   { date: 'Wed, 17 Sep 2014 15:24:23 GMT',
25 silly registry.get     server: 'CouchDB/1.5.0 (Erlang OTP/R16B03)',
25 silly registry.get     'content-type': 'application/json',
25 silly registry.get     'cache-control': 'max-age=0',
25 silly registry.get     'content-length': '52',
25 silly registry.get     'accept-ranges': 'bytes',
25 silly registry.get     via: '1.1 varnish',
25 silly registry.get     age: '0',
25 silly registry.get     'x-served-by': 'cache-ty68-TYO',
25 silly registry.get     'x-cache': 'MISS',
25 silly registry.get     'x-cache-hits': '0',
25 silly registry.get     'x-timer': 'S1410967463.682124,VS0,VE187',
25 silly registry.get     'keep-alive': 'timeout=10, max=50',
25 silly registry.get     connection: 'Keep-Alive' } ]
26 silly lockFile a5c0f890-js-bson js-bson@
27 silly lockFile a5c0f890-js-bson js-bson@
28 error 404 404 Not Found: js-bson
28 error 404
28 error 404 'js-bson' is not in the npm registry.
28 error 404 You should bug the author to publish it
28 error 404 It was specified as a dependency of 'cannondale'
28 error 404
28 error 404 Note that you can also install from a
28 error 404 tarball, folder, or http url, or git url.
29 error System Linux 3.15.4-x86_64-linode45
30 error command "/usr/local/bin/node" "/usr/local/bin/npm" "install" "js-bson"
31 error cwd /home/node/cannondale
32 error node -v v0.10.29
33 error npm -v 1.4.14
34 error code E404
35 verbose exit [ 1, true ]
