[2014-12-03 20:52:36.819] [INFO] cannondale - GET /bower_components/bootstrap/dist/js/bootstrap.min.js
[2014-12-03 20:52:42.058] [INFO] cannondale - POST /login
[2014-12-03 20:52:42.146] [INFO] cannondale - GET /manager
[2014-12-03 20:52:42.187] [INFO] cannondale - GET /bower_components/bootstrap/dist/css/bootstrap.min.css
[2014-12-03 20:52:42.187] [INFO] cannondale - GET /bower_components/sb-admin-v2/css/sb-admin-2.css
[2014-12-03 20:52:42.188] [INFO] cannondale - GET /bower_components/font-awesome/css/font-awesome.min.css
[2014-12-03 20:52:42.189] [INFO] cannondale - GET /stylesheets/navbar-default.css
[2014-12-03 20:52:42.189] [INFO] cannondale - GET /stylesheets/signin.css
[2014-12-03 20:52:42.190] [INFO] cannondale - GET /stylesheets/sticky-footer-navbar.css
[2014-12-03 20:52:42.194] [INFO] cannondale - GET /bower_components/jquery/dist/jquery.min.js
[2014-12-03 20:52:42.199] [INFO] cannondale - GET /bower_components/bootstrap/dist/js/bootstrap.min.js
[2014-12-03 20:54:06.125] [INFO] cannondale - GET /logout
[2014-12-03 20:54:06.482] [INFO] cannondale - GET /login
[2014-12-03 20:54:06.509] [INFO] cannondale - GET /bower_components/bootstrap/dist/css/bootstrap.min.css
[2014-12-03 20:54:06.510] [INFO] cannondale - GET /bower_components/sb-admin-v2/css/sb-admin-2.css
[2014-12-03 20:54:06.513] [INFO] cannondale - GET /stylesheets/sticky-footer-navbar.css
[2014-12-03 20:54:06.514] [INFO] cannondale - GET /stylesheets/navbar-default.css
[2014-12-03 20:54:06.515] [INFO] cannondale - GET /stylesheets/signin.css
[2014-12-03 20:54:06.515] [INFO] cannondale - GET /bower_components/font-awesome/css/font-awesome.min.css
[2014-12-03 20:54:06.517] [INFO] cannondale - GET /bower_components/jquery/dist/jquery.min.js
[2014-12-03 20:54:06.520] [INFO] cannondale - GET /bower_components/bootstrap/dist/js/bootstrap.min.js
[2014-12-03 20:54:15.372] [INFO] cannondale - POST /login
[2014-12-03 20:54:15.462] [INFO] cannondale - GET /manager
[2014-12-03 20:54:15.517] [INFO] cannondale - GET /bower_components/bootstrap/dist/css/bootstrap.min.css
[2014-12-03 20:54:15.517] [INFO] cannondale - GET /stylesheets/signin.css
[2014-12-03 20:54:15.519] [INFO] cannondale - GET /bower_components/sb-admin-v2/css/sb-admin-2.css
[2014-12-03 20:54:15.519] [INFO] cannondale - GET /bower_components/font-awesome/css/font-awesome.min.css
[2014-12-03 20:54:15.520] [INFO] cannondale - GET /stylesheets/navbar-default.css
[2014-12-03 20:54:15.525] [INFO] cannondale - GET /stylesheets/sticky-footer-navbar.css
[2014-12-03 20:54:15.530] [INFO] cannondale - GET /bower_components/jquery/dist/jquery.min.js
[2014-12-03 20:54:15.533] [INFO] cannondale - GET /bower_components/bootstrap/dist/js/bootstrap.min.js
[2014-12-03 20:54:20.601] [INFO] cannondale - GET /logout
[2014-12-03 20:54:20.684] [INFO] cannondale - GET /
[2014-12-03 20:54:20.727] [INFO] cannondale - GET /bower_components/bootstrap/dist/css/bootstrap.min.css
[2014-12-03 20:54:20.728] [INFO] cannondale - GET /stylesheets/signin.css
[2014-12-03 20:54:20.730] [INFO] cannondale - GET /bower_components/sb-admin-v2/css/sb-admin-2.css
[2014-12-03 20:54:20.730] [INFO] cannondale - GET /bower_components/font-awesome/css/font-awesome.min.css
[2014-12-03 20:54:20.732] [INFO] cannondale - GET /stylesheets/navbar-default.css
[2014-12-03 20:54:20.733] [INFO] cannondale - GET /stylesheets/sticky-footer-navbar.css
[2014-12-03 20:54:20.743] [INFO] cannondale - GET /images/bikes_min/TriggerCarbon2.jpg
[2014-12-03 20:54:20.745] [INFO] cannondale - GET /bower_components/jquery/dist/jquery.min.js
[2014-12-03 20:54:20.745] [INFO] cannondale - GET /images/bikes_min/Trigger3.jpg
[2014-12-03 20:54:20.746] [INFO] cannondale - GET /images/bikes_min/Trigger29Carbon2.jpg
[2014-12-03 20:54:20.748] [INFO] cannondale - GET /images/bikes_min/SuperSixEVOHi-MODTeam.jpg
[2014-12-03 20:54:20.749] [INFO] cannondale - GET /images/bikes_min/SuperSixEVOHi-MODDuraAceDi2.jpg
[2014-12-03 20:54:20.756] [INFO] cannondale - GET /images/bikes_min/Trigger4.jpg
[2014-12-03 20:54:20.758] [INFO] cannondale - GET /images/bikes_min/Trigger29CarbonTeam.jpg
[2014-12-03 20:54:20.759] [INFO] cannondale - GET /images/bikes_min/SuperSixEVOHi-MODRED,RacingEdition.jpg
[2014-12-03 20:54:20.760] [INFO] cannondale - GET /bower_components/bootstrap/dist/js/bootstrap.min.js
[2014-12-03 20:54:20.761] [INFO] cannondale - GET /images/bikes_min/SuperSixEVOHi-MODDuraAce2.jpg
[2014-12-03 20:54:20.763] [INFO] cannondale - GET /images/bikes_min/Trigger293.jpg
[2014-12-03 20:54:20.771] [INFO] cannondale - GET /images/bikes_min/SuperSixEVOCarbonUltegraDi2.jpg
[2014-12-03 20:54:20.797] [INFO] cannondale - GET /images/bikes_min/SuperSixEVOCarbonForce,RacingEdition.jpg
[2014-12-03 20:54:20.798] [INFO] cannondale - GET /images/bikes_min/Scalpel29CarbonTeam.jpg
[2014-12-03 20:54:20.799] [INFO] cannondale - GET /images/bikes_min/Scalpel29Carbon3.jpg
[2014-12-03 20:54:20.800] [INFO] cannondale - GET /images/bikes_min/SuperSixEVOCarbonSRAMRival.jpg
[2014-12-03 20:54:20.800] [INFO] cannondale - GET /images/bikes_min/Scalpel294.jpg
[2014-12-03 20:54:20.807] [INFO] cannondale - GET /images/bikes_min/SuperSixEVOCarbonUltegra.jpg
[2014-12-03 20:54:20.814] [INFO] cannondale - GET /images/bikes_min/JekyllCarbon2.jpg
[2014-12-03 20:54:20.814] [INFO] cannondale - GET /images/bikes_min/SuperSixEVOCarbon1055.jpg
[2014-12-03 20:54:20.815] [INFO] cannondale - GET /images/bikes_min/Scalpel29CarbonBlackInc..jpg
[2014-12-03 20:54:20.817] [INFO] cannondale - GET /images/bikes_min/Scalpel29Carbon2.jpg
[2014-12-03 20:54:20.817] [INFO] cannondale - GET /images/bikes_min/SuperSixEVOCarbonSRAMRED.jpg
[2014-12-03 20:54:20.824] [INFO] cannondale - GET /images/bikes_min/Jekyll3.jpg
[2014-12-03 20:54:20.827] [INFO] cannondale - GET /images/bikes_min/F29Carbon3.jpg
[2014-12-03 20:54:20.830] [INFO] cannondale - GET /images/bikes_min/CAAD10Ultegra3.jpg
[2014-12-03 20:54:20.831] [INFO] cannondale - GET /images/bikes_min/CAAD10SRAMRivalDisc.jpg
[2014-12-03 20:54:20.831] [INFO] cannondale - GET /images/bikes_min/F-SiCarbonTeam.jpg
[2014-12-03 20:54:20.834] [INFO] cannondale - GET /images/bikes_min/F-SiCarbon2.jpg
[2014-12-03 20:54:20.838] [INFO] cannondale - GET /images/bikes_min/F29Carbon4.jpg
[2014-12-03 20:54:20.844] [INFO] cannondale - GET /images/bikes_min/F295.jpg
[2014-12-03 20:54:20.845] [INFO] cannondale - GET /images/bikes_min/F-SiCarbonBlackInc..jpg
[2014-12-03 20:54:20.846] [INFO] cannondale - GET /images/bikes_min/CAAD10TRACK1.jpg
[2014-12-03 20:54:20.846] [INFO] cannondale - GET /images/bikes_min/CAAD10Force,RacingEdition.jpg
[2014-12-03 20:54:20.847] [INFO] cannondale - GET /images/bikes_min/F-SiCarbon1.jpg
